Determining if the pthread_create exist failed with the following output:
Change Dir: /home/shu18/gazebo_tutorial/plugin/build/CMakeFiles/CMakeTmp

Run Build Command:"/usr/bin/make" "cmTC_1314b/fast"
/usr/bin/make -f CMakeFiles/cmTC_1314b.dir/build.make CMakeFiles/cmTC_1314b.dir/build
make[1]: Entering directory '/home/shu18/gazebo_tutorial/plugin/build/CMakeFiles/CMakeTmp'
Building C object CMakeFiles/cmTC_1314b.dir/CheckSymbolExists.c.o
/usr/bin/cc     -o CMakeFiles/cmTC_1314b.dir/CheckSymbolExists.c.o   -c /home/shu18/gazebo_tutorial/plugin/build/CMakeFiles/CMakeTmp/CheckSymbolExists.c
Linking C executable cmTC_1314b
/usr/bin/cmake -E cmake_link_script CMakeFiles/cmTC_1314b.dir/link.txt --verbose=1
/usr/bin/cc       CMakeFiles/cmTC_1314b.dir/CheckSymbolExists.c.o  -o cmTC_1314b -rdynamic 
CMakeFiles/cmTC_1314b.dir/CheckSymbolExists.c.o: In function `main':
CheckSymbolExists.c:(.text+0x16): undefined reference to `pthread_create'
collect2: error: ld returned 1 exit status
CMakeFiles/cmTC_1314b.dir/build.make:97: recipe for target 'cmTC_1314b' failed
make[1]: *** [cmTC_1314b] Error 1
make[1]: Leaving directory '/home/shu18/gazebo_tutorial/plugin/build/CMakeFiles/CMakeTmp'
Makefile:126: recipe for target 'cmTC_1314b/fast' failed
make: *** [cmTC_1314b/fast] Error 2

File /home/shu18/gazebo_tutorial/plugin/build/CMakeFiles/CMakeTmp/CheckSymbolExists.c:
/* */
#include <pthread.h>

int main(int argc, char** argv)
{
  (void)argv;
#ifndef pthread_create
  return ((int*)(&pthread_create))[argc];
#else
  (void)argc;
  return 0;
#endif
}

Determining if the function pthread_create exists in the pthreads failed with the following output:
Change Dir: /home/shu18/gazebo_tutorial/plugin/build/CMakeFiles/CMakeTmp

Run Build Command:"/usr/bin/make" "cmTC_452da/fast"
/usr/bin/make -f CMakeFiles/cmTC_452da.dir/build.make CMakeFiles/cmTC_452da.dir/build
make[1]: Entering directory '/home/shu18/gazebo_tutorial/plugin/build/CMakeFiles/CMakeTmp'
Building C object CMakeFiles/cmTC_452da.dir/CheckFunctionExists.c.o
/usr/bin/cc    -DCHECK_FUNCTION_EXISTS=pthread_create   -o CMakeFiles/cmTC_452da.dir/CheckFunctionExists.c.o   -c /usr/share/cmake-3.5/Modules/CheckFunctionExists.c
Linking C executable cmTC_452da
/usr/bin/cmake -E cmake_link_script CMakeFiles/cmTC_452da.dir/link.txt --verbose=1
/usr/bin/cc   -DCHECK_FUNCTION_EXISTS=pthread_create    CMakeFiles/cmTC_452da.dir/CheckFunctionExists.c.o  -o cmTC_452da -rdynamic -lpthreads 
/usr/bin/ld: cannot find -lpthreads
collect2: error: ld returned 1 exit status
CMakeFiles/cmTC_452da.dir/build.make:97: recipe for target 'cmTC_452da' failed
make[1]: *** [cmTC_452da] Error 1
make[1]: Leaving directory '/home/shu18/gazebo_tutorial/plugin/build/CMakeFiles/CMakeTmp'
Makefile:126: recipe for target 'cmTC_452da/fast' failed
make: *** [cmTC_452da/fast] Error 2


