Determining if the pthread_create exist failed with the following output:
Change Dir: /home/shu18/gazebo_plugin_tutorial/build/CMakeFiles/CMakeTmp

Run Build Command:"/usr/bin/make" "cmTC_1856a/fast"
/usr/bin/make -f CMakeFiles/cmTC_1856a.dir/build.make CMakeFiles/cmTC_1856a.dir/build
make[1]: Entering directory '/home/shu18/gazebo_plugin_tutorial/build/CMakeFiles/CMakeTmp'
Building C object CMakeFiles/cmTC_1856a.dir/CheckSymbolExists.c.o
/usr/bin/cc     -o CMakeFiles/cmTC_1856a.dir/CheckSymbolExists.c.o   -c /home/shu18/gazebo_plugin_tutorial/build/CMakeFiles/CMakeTmp/CheckSymbolExists.c
Linking C executable cmTC_1856a
/usr/bin/cmake -E cmake_link_script CMakeFiles/cmTC_1856a.dir/link.txt --verbose=1
/usr/bin/cc       CMakeFiles/cmTC_1856a.dir/CheckSymbolExists.c.o  -o cmTC_1856a -rdynamic 
CMakeFiles/cmTC_1856a.dir/CheckSymbolExists.c.o: In function `main':
CheckSymbolExists.c:(.text+0x16): undefined reference to `pthread_create'
collect2: error: ld returned 1 exit status
CMakeFiles/cmTC_1856a.dir/build.make:97: recipe for target 'cmTC_1856a' failed
make[1]: *** [cmTC_1856a] Error 1
make[1]: Leaving directory '/home/shu18/gazebo_plugin_tutorial/build/CMakeFiles/CMakeTmp'
Makefile:126: recipe for target 'cmTC_1856a/fast' failed
make: *** [cmTC_1856a/fast] Error 2

File /home/shu18/gazebo_plugin_tutorial/build/CMakeFiles/CMakeTmp/CheckSymbolExists.c:
/* */
#include <pthread.h>

int main(int argc, char** argv)
{
  (void)argv;
#ifndef pthread_create
  return ((int*)(&pthread_create))[argc];
#else
  (void)argc;
  return 0;
#endif
}

Determining if the function pthread_create exists in the pthreads failed with the following output:
Change Dir: /home/shu18/gazebo_plugin_tutorial/build/CMakeFiles/CMakeTmp

Run Build Command:"/usr/bin/make" "cmTC_29aef/fast"
/usr/bin/make -f CMakeFiles/cmTC_29aef.dir/build.make CMakeFiles/cmTC_29aef.dir/build
make[1]: Entering directory '/home/shu18/gazebo_plugin_tutorial/build/CMakeFiles/CMakeTmp'
Building C object CMakeFiles/cmTC_29aef.dir/CheckFunctionExists.c.o
/usr/bin/cc    -DCHECK_FUNCTION_EXISTS=pthread_create   -o CMakeFiles/cmTC_29aef.dir/CheckFunctionExists.c.o   -c /usr/share/cmake-3.5/Modules/CheckFunctionExists.c
Linking C executable cmTC_29aef
/usr/bin/cmake -E cmake_link_script CMakeFiles/cmTC_29aef.dir/link.txt --verbose=1
/usr/bin/cc   -DCHECK_FUNCTION_EXISTS=pthread_create    CMakeFiles/cmTC_29aef.dir/CheckFunctionExists.c.o  -o cmTC_29aef -rdynamic -lpthreads 
/usr/bin/ld: cannot find -lpthreads
collect2: error: ld returned 1 exit status
CMakeFiles/cmTC_29aef.dir/build.make:97: recipe for target 'cmTC_29aef' failed
make[1]: *** [cmTC_29aef] Error 1
make[1]: Leaving directory '/home/shu18/gazebo_plugin_tutorial/build/CMakeFiles/CMakeTmp'
Makefile:126: recipe for target 'cmTC_29aef/fast' failed
make: *** [cmTC_29aef/fast] Error 2


